<?xml version="1.0" encoding="UTF-8"?>
<!-- Generated by org.testng.reporters.JUnitXMLReporter -->
<testsuite hostname="DESKTOP-J70ARG0" ignored="0" name="Default test" tests="2" failures="0" timestamp="2021-05-09T20:30:03 IST" time="74.537" errors="0">
  <testcase name="OpenTwoURLsUsingDataProvider" time="47.526" classname="annotations.DataProviderTwoURLs"/>
  <testcase name="OpenTwoURLsUsingDataProvider" time="15.507" classname="annotations.DataProviderTwoURLs"/>
</testsuite> <!-- Default test -->
