<?xml version="1.0" encoding="UTF-8"?>
<!-- Generated by org.testng.reporters.JUnitXMLReporter -->
<testsuite hostname="Lenovo" ignored="0" name="chrometest" tests="2" failures="0" timestamp="2020-04-08T13:35:42 IST" time="64.632" errors="0">
  <testcase name="getTitleofPage" time="17.405" classname="testNGParallel.CrossBrowserTesting"/>
  <testcase name="getTitleofPage" time="0.0" classname="testNGParallel.CrossBrowserTesting">
    <skipped/>
  </testcase> <!-- getTitleofPage -->
</testsuite> <!-- chrometest -->
