<?xml version="1.0" encoding="UTF-8"?>
<!-- Generated by org.testng.reporters.JUnitXMLReporter -->
<testsuite hostname="Lenovo" ignored="3" name="Tes" tests="1" failures="0" timestamp="2020-04-03T12:50:05 IST" time="0.188" errors="0">
  <testcase name="group1" time="0.028" classname="annotations.Grouping"/>
  <testcase name="group1and2" time="0.0" classname="annotations.Grouping">
    <ignored/>
  </testcase> <!-- group1and2 -->
  <testcase name="group2" time="0.0" classname="annotations.Grouping">
    <ignored/>
  </testcase> <!-- group2 -->
  <testcase name="group2and3" time="0.0" classname="annotations.Grouping">
    <ignored/>
  </testcase> <!-- group2and3 -->
</testsuite> <!-- Tes -->
