<?xml version="1.0" encoding="UTF-8"?>
<!-- Generated by org.testng.reporters.JUnitXMLReporter -->
<testsuite ignored="1" hostname="DESKTOP-E1A827U" failures="0" tests="7" name="Test" time="0.263" errors="0" timestamp="2021-06-03T22:13:37 IST">
  <testcase classname="annotations.AllAnnotations" name="SimpleTestAnnotation" time="0.023"/>
  <testcase classname="annotations.AllAnnotations" name="TestAnnotationWithAlwaysRunTrue" time="0.008"/>
  <testcase classname="annotations.AllAnnotations" name="TestAnnotationWithEnabledTrue" time="0.01"/>
  <testcase classname="annotations.AllAnnotations" name="TestAnnotationWithinvocationCount2" time="0.014"/>
  <testcase classname="annotations.AllAnnotations" name="TestAnnotationWithinvocationCount2" time="0.006"/>
  <testcase classname="annotations.AllAnnotations" name="TestAnnotationWithPriority1" time="0.009"/>
  <testcase classname="annotations.AllAnnotations" name="TestAnnotationWithPriority2" time="0.01"/>
  <testcase classname="annotations.AllAnnotations" name="TestAnnotationWithEnabledFalse" time="0.0">
    <ignored/>
  </testcase> <!-- TestAnnotationWithEnabledFalse -->
</testsuite> <!-- Test -->
