<?xml version="1.0" encoding="UTF-8"?>
<!-- Generated by org.testng.reporters.JUnitXMLReporter -->
<testsuite hostname="Lenovo" ignored="0" name="TestGroup1" tests="4" failures="0" timestamp="2020-04-03T12:37:16 IST" time="0.252" errors="0">
  <testcase name="group1" time="0.028" classname="annotations.Grouping"/>
  <testcase name="group1and2" time="0.009" classname="annotations.Grouping"/>
  <testcase name="group2" time="0.01" classname="annotations.Grouping"/>
  <testcase name="group2and3" time="0.009" classname="annotations.Grouping"/>
</testsuite> <!-- TestGroup1 -->
