<?xml version="1.0" encoding="UTF-8"?>
<!-- Generated by org.testng.reporters.JUnitXMLReporter -->
<testsuite hostname="gowtham" ignored="1" name="Test" tests="7" failures="0" timestamp="2021-06-01T22:56:47 IST" time="0.179" errors="0">
  <testcase name="SimpleTestAnnotation" time="0.015" classname="annotations.AllAnnotations"/>
  <testcase name="TestAnnotationWithAlwaysRunTrue" time="0.002" classname="annotations.AllAnnotations"/>
  <testcase name="TestAnnotationWithEnabledTrue" time="0.005" classname="annotations.AllAnnotations"/>
  <testcase name="TestAnnotationWithinvocationCount2" time="0.005" classname="annotations.AllAnnotations"/>
  <testcase name="TestAnnotationWithinvocationCount2" time="0.003" classname="annotations.AllAnnotations"/>
  <testcase name="TestAnnotationWithPriority1" time="0.006" classname="annotations.AllAnnotations"/>
  <testcase name="TestAnnotationWithPriority2" time="0.002" classname="annotations.AllAnnotations"/>
  <testcase name="TestAnnotationWithEnabledFalse" time="0.0" classname="annotations.AllAnnotations">
    <ignored/>
  </testcase> <!-- TestAnnotationWithEnabledFalse -->
</testsuite> <!-- Test -->
