<?xml version="1.0" encoding="UTF-8"?>
<!-- Generated by org.testng.reporters.JUnitXMLReporter -->
<testsuite hostname="Lenovo" ignored="3" name="TestGroup2" tests="1" failures="0" timestamp="2020-04-03T12:21:36 IST" time="0.029" errors="0">
  <testcase name="group2" time="0.013" classname="annotations.Grouping"/>
  <testcase name="group1and2" time="0.0" classname="annotations.Grouping">
    <ignored/>
  </testcase> <!-- group1and2 -->
  <testcase name="group2and3" time="0.0" classname="annotations.Grouping">
    <ignored/>
  </testcase> <!-- group2and3 -->
  <testcase name="group1" time="0.0" classname="annotations.Grouping">
    <ignored/>
  </testcase> <!-- group1 -->
</testsuite> <!-- TestGroup2 -->
