<?xml version="1.0" encoding="UTF-8"?>
<testng-results skipped="0" failed="0" ignored="0" total="1" passed="1">
  <reporter-output>
  </reporter-output>
  <suite name="Default suite" duration-ms="90" started-at="2021-06-01T23:31:31 IST" finished-at="2021-06-01T23:31:31 IST">
    <groups>
    </groups>
    <test name="Default test" duration-ms="90" started-at="2021-06-01T23:31:31 IST" finished-at="2021-06-01T23:31:31 IST">
      <class name="annotations.OrderOfAnnotation">
        <test-method status="PASS" signature="beforeSuite()[pri:0, instance:annotations.OrderOfAnnotation@9660f4e]" name="beforeSuite" is-config="true" duration-ms="18" started-at="2021-06-01T23:31:31 IST" finished-at="2021-06-01T23:31:31 IST">
          <reporter-output>
          </reporter-output>
        </test-method> <!-- beforeSuite -->
        <test-method status="PASS" signature="beforeTest()[pri:0, instance:annotations.OrderOfAnnotation@9660f4e]" name="beforeTest" is-config="true" duration-ms="2" started-at="2021-06-01T23:31:31 IST" finished-at="2021-06-01T23:31:31 IST">
          <reporter-output>
          </reporter-output>
        </test-method> <!-- beforeTest -->
        <test-method status="PASS" signature="beforeClass()[pri:0, instance:annotations.OrderOfAnnotation@9660f4e]" name="beforeClass" is-config="true" duration-ms="1" started-at="2021-06-01T23:31:31 IST" finished-at="2021-06-01T23:31:31 IST">
          <reporter-output>
          </reporter-output>
        </test-method> <!-- beforeClass -->
        <test-method status="PASS" signature="beforeMethod()[pri:0, instance:annotations.OrderOfAnnotation@9660f4e]" name="beforeMethod" is-config="true" duration-ms="2" started-at="2021-06-01T23:31:31 IST" finished-at="2021-06-01T23:31:31 IST">
          <reporter-output>
          </reporter-output>
        </test-method> <!-- beforeMethod -->
        <test-method status="PASS" signature="TestAnnotation()[pri:0, instance:annotations.OrderOfAnnotation@9660f4e]" name="TestAnnotation" duration-ms="14" started-at="2021-06-01T23:31:31 IST" finished-at="2021-06-01T23:31:31 IST">
          <reporter-output>
          </reporter-output>
        </test-method> <!-- TestAnnotation -->
        <test-method status="PASS" signature="afterMethod()[pri:0, instance:annotations.OrderOfAnnotation@9660f4e]" name="afterMethod" is-config="true" duration-ms="1" started-at="2021-06-01T23:31:31 IST" finished-at="2021-06-01T23:31:31 IST">
          <reporter-output>
          </reporter-output>
        </test-method> <!-- afterMethod -->
        <test-method status="PASS" signature="afterClass()[pri:0, instance:annotations.OrderOfAnnotation@9660f4e]" name="afterClass" is-config="true" duration-ms="1" started-at="2021-06-01T23:31:31 IST" finished-at="2021-06-01T23:31:31 IST">
          <reporter-output>
          </reporter-output>
        </test-method> <!-- afterClass -->
        <test-method status="PASS" signature="afterTest()[pri:0, instance:annotations.OrderOfAnnotation@9660f4e]" name="afterTest" is-config="true" duration-ms="1" started-at="2021-06-01T23:31:31 IST" finished-at="2021-06-01T23:31:31 IST">
          <reporter-output>
          </reporter-output>
        </test-method> <!-- afterTest -->
        <test-method status="PASS" signature="afterSuite()[pri:0, instance:annotations.OrderOfAnnotation@9660f4e]" name="afterSuite" is-config="true" duration-ms="0" started-at="2021-06-01T23:31:31 IST" finished-at="2021-06-01T23:31:31 IST">
          <reporter-output>
          </reporter-output>
        </test-method> <!-- afterSuite -->
      </class> <!-- annotations.OrderOfAnnotation -->
    </test> <!-- Default test -->
  </suite> <!-- Default suite -->
</testng-results>
